0 info it worked if it ends with ok
1 verbose cli [ 'node',
1 verbose cli   '/usr/local/bin/npm',
1 verbose cli   'install',
1 verbose cli   'filepicker-js',
1 verbose cli   '--save' ]
2 info using npm@2.12.1
3 info using node@v0.12.7
4 verbose node symlink /usr/local/bin/node
5 verbose install initial load of /Users/miguelramirezjr/GitHub/9.5-final-project/package.json
6 verbose installManyTop reading scoped package data from /Users/miguelramirezjr/GitHub/9.5-final-project/node_modules/babel-core/package.json
7 verbose installManyTop reading scoped package data from /Users/miguelramirezjr/GitHub/9.5-final-project/node_modules/babel-loader/package.json
8 verbose installManyTop reading scoped package data from /Users/miguelramirezjr/GitHub/9.5-final-project/node_modules/backbone/package.json
9 verbose installManyTop reading scoped package data from /Users/miguelramirezjr/GitHub/9.5-final-project/node_modules/bourbon/package.json
10 verbose installManyTop reading scoped package data from /Users/miguelramirezjr/GitHub/9.5-final-project/node_modules/bourbon-neat/package.json
11 verbose installManyTop reading scoped package data from /Users/miguelramirezjr/GitHub/9.5-final-project/node_modules/cheerio/package.json
12 verbose installManyTop reading scoped package data from /Users/miguelramirezjr/GitHub/9.5-final-project/node_modules/css-loader/package.json
13 verbose installManyTop reading scoped package data from /Users/miguelramirezjr/GitHub/9.5-final-project/node_modules/es6-promise/package.json
14 verbose installManyTop reading scoped package data from /Users/miguelramirezjr/GitHub/9.5-final-project/node_modules/eslint/package.json
15 verbose installManyTop reading scoped package data from /Users/miguelramirezjr/GitHub/9.5-final-project/node_modules/eslint-plugin-react/package.json
16 verbose installManyTop reading scoped package data from /Users/miguelramirezjr/GitHub/9.5-final-project/node_modules/express/package.json
17 verbose installManyTop reading scoped package data from /Users/miguelramirezjr/GitHub/9.5-final-project/node_modules/file-loader/package.json
18 verbose installManyTop reading scoped package data from /Users/miguelramirezjr/GitHub/9.5-final-project/node_modules/font-awesome/package.json
19 verbose installManyTop reading scoped package data from /Users/miguelramirezjr/GitHub/9.5-final-project/node_modules/foundation-sites/package.json
20 verbose installManyTop reading scoped package data from /Users/miguelramirezjr/GitHub/9.5-final-project/node_modules/gulp/package.json
21 verbose installManyTop reading scoped package data from /Users/miguelramirezjr/GitHub/9.5-final-project/node_modules/gulp-babel/package.json
22 verbose installManyTop reading scoped package data from /Users/miguelramirezjr/GitHub/9.5-final-project/node_modules/gulp-gh-pages/package.json
23 verbose installManyTop reading scoped package data from /Users/miguelramirezjr/GitHub/9.5-final-project/node_modules/gulp-util/package.json
24 verbose installManyTop reading scoped package data from /Users/miguelramirezjr/GitHub/9.5-final-project/node_modules/handlebars/package.json
25 verbose installManyTop reading scoped package data from /Users/miguelramirezjr/GitHub/9.5-final-project/node_modules/history/package.json
26 verbose installManyTop reading scoped package data from /Users/miguelramirezjr/GitHub/9.5-final-project/node_modules/html-webpack-plugin/package.json
27 verbose installManyTop reading scoped package data from /Users/miguelramirezjr/GitHub/9.5-final-project/node_modules/import-io/package.json
28 verbose installManyTop reading scoped package data from /Users/miguelramirezjr/GitHub/9.5-final-project/node_modules/jquery/package.json
29 verbose installManyTop reading scoped package data from /Users/miguelramirezjr/GitHub/9.5-final-project/node_modules/jquery-param/package.json
30 verbose installManyTop reading scoped package data from /Users/miguelramirezjr/GitHub/9.5-final-project/node_modules/modernizr-webpack-plugin/package.json
31 verbose installManyTop reading scoped package data from /Users/miguelramirezjr/GitHub/9.5-final-project/node_modules/node-sass/package.json
32 verbose installManyTop reading scoped package data from /Users/miguelramirezjr/GitHub/9.5-final-project/node_modules/normalize.css/package.json
33 verbose installManyTop reading scoped package data from /Users/miguelramirezjr/GitHub/9.5-final-project/node_modules/open-browser-webpack-plugin/package.json
34 verbose installManyTop reading scoped package data from /Users/miguelramirezjr/GitHub/9.5-final-project/node_modules/react/package.json
35 verbose installManyTop reading scoped package data from /Users/miguelramirezjr/GitHub/9.5-final-project/node_modules/react-addons-update/package.json
36 verbose installManyTop reading scoped package data from /Users/miguelramirezjr/GitHub/9.5-final-project/node_modules/react-dom/package.json
37 verbose installManyTop reading scoped package data from /Users/miguelramirezjr/GitHub/9.5-final-project/node_modules/react-hot-loader/package.json
38 verbose installManyTop reading scoped package data from /Users/miguelramirezjr/GitHub/9.5-final-project/node_modules/react-router/package.json
39 verbose installManyTop reading scoped package data from /Users/miguelramirezjr/GitHub/9.5-final-project/node_modules/resolve-url-loader/package.json
40 verbose installManyTop reading scoped package data from /Users/miguelramirezjr/GitHub/9.5-final-project/node_modules/sass-loader/package.json
41 verbose installManyTop reading scoped package data from /Users/miguelramirezjr/GitHub/9.5-final-project/node_modules/style-loader/package.json
42 verbose installManyTop reading scoped package data from /Users/miguelramirezjr/GitHub/9.5-final-project/node_modules/underscore/package.json
43 verbose installManyTop reading scoped package data from /Users/miguelramirezjr/GitHub/9.5-final-project/node_modules/url-loader/package.json
44 verbose installManyTop reading scoped package data from /Users/miguelramirezjr/GitHub/9.5-final-project/node_modules/webpack/package.json
45 verbose installManyTop reading scoped package data from /Users/miguelramirezjr/GitHub/9.5-final-project/node_modules/webpack-dev-server/package.json
46 info package.json babel-core@5.8.30 No README data
47 info package.json foundation-sites@5.5.3 No license field.
48 info package.json jquery@2.1.4 No license field.
49 info package.json react-addons-update@0.14.1 No repository field.
50 verbose readDependencies loading dependencies from /Users/miguelramirezjr/GitHub/9.5-final-project/package.json
51 silly cache add args [ 'filepicker-js@^2.1.3', null ]
52 verbose cache add spec filepicker-js@^2.1.3
53 silly cache add parsed spec { raw: 'filepicker-js@^2.1.3',
53 silly cache add   scope: null,
53 silly cache add   name: 'filepicker-js',
53 silly cache add   rawSpec: '^2.1.3',
53 silly cache add   spec: '>=2.1.3 <3.0.0',
53 silly cache add   type: 'range' }
54 silly addNamed filepicker-js@>=2.1.3 <3.0.0
55 verbose addNamed ">=2.1.3 <3.0.0" is a valid semver range for filepicker-js
56 silly addNameRange { name: 'filepicker-js',
56 silly addNameRange   range: '>=2.1.3 <3.0.0',
56 silly addNameRange   hasData: false }
57 silly mapToRegistry name filepicker-js
58 silly mapToRegistry using default registry
59 silly mapToRegistry registry https://registry.npmjs.org/
60 silly mapToRegistry uri https://registry.npmjs.org/filepicker-js
61 verbose addNameRange registry:https://registry.npmjs.org/filepicker-js not in flight; fetching
62 verbose request uri https://registry.npmjs.org/filepicker-js
63 verbose request no auth needed
64 info attempt registry request try #1 at 12:01:54
65 verbose request id 5e5f5dfe0fcf3950
66 http request GET https://registry.npmjs.org/filepicker-js
67 http 200 https://registry.npmjs.org/filepicker-js
68 silly get cb [ 200,
68 silly get   { server: 'CouchDB/1.5.0 (Erlang OTP/R16B03)',
68 silly get     etag: '"306TOBKNFK0BF7DAOGDMUAAWS"',
68 silly get     'content-type': 'application/json',
68 silly get     'cache-control': 'max-age=60',
68 silly get     'content-length': '12064',
68 silly get     'accept-ranges': 'bytes',
68 silly get     date: 'Wed, 04 Nov 2015 17:01:49 GMT',
68 silly get     via: '1.1 varnish',
68 silly get     age: '0',
68 silly get     connection: 'keep-alive',
68 silly get     'x-served-by': 'cache-iad2131-IAD',
68 silly get     'x-cache': 'MISS',
68 silly get     'x-cache-hits': '0',
68 silly get     'x-timer': 'S1446656509.648338,VS0,VE13',
68 silly get     vary: 'Accept' } ]
69 verbose get saving filepicker-js to /Users/miguelramirezjr/.npm/registry.npmjs.org/filepicker-js/.cache.json
70 silly addNameRange number 2 { name: 'filepicker-js', range: '>=2.1.3 <3.0.0', hasData: true }
71 silly addNameRange versions [ 'filepicker-js',
71 silly addNameRange   [ '2.1.0', '2.1.1', '2.1.2', '2.1.3', '2.2.0' ] ]
72 silly addNamed filepicker-js@2.2.0
73 verbose addNamed "2.2.0" is a plain semver version for filepicker-js
74 silly mapToRegistry name filepicker-js
75 silly mapToRegistry using default registry
76 silly mapToRegistry registry https://registry.npmjs.org/
77 silly mapToRegistry uri https://registry.npmjs.org/filepicker-js
78 verbose addRemoteTarball https://registry.npmjs.org/filepicker-js/-/filepicker-js-2.2.0.tgz not in flight; adding
79 verbose addRemoteTarball [ 'https://registry.npmjs.org/filepicker-js/-/filepicker-js-2.2.0.tgz',
79 verbose addRemoteTarball   '57f5ad2090cbbd1e72c1bbb1bfde004382ad0d63' ]
80 info retry fetch attempt 1 at 12:01:54
81 info attempt registry request try #1 at 12:01:54
82 http fetch GET https://registry.npmjs.org/filepicker-js/-/filepicker-js-2.2.0.tgz
83 http fetch 200 https://registry.npmjs.org/filepicker-js/-/filepicker-js-2.2.0.tgz
84 silly fetchAndShaCheck shasum 57f5ad2090cbbd1e72c1bbb1bfde004382ad0d63
85 verbose addTmpTarball /var/folders/g1/2mvyksy92v56wxlwx9l0z5dw0000gn/T/npm-80675-90f911d3/registry.npmjs.org/filepicker-js/-/filepicker-js-2.2.0.tgz not in flight; adding
86 verbose addTmpTarball already have metadata; skipping unpack for filepicker-js@2.2.0
87 silly cache afterAdd filepicker-js@2.2.0
88 verbose afterAdd /Users/miguelramirezjr/.npm/filepicker-js/2.2.0/package/package.json not in flight; writing
89 verbose afterAdd /Users/miguelramirezjr/.npm/filepicker-js/2.2.0/package/package.json written
90 silly install resolved [ { name: 'filepicker-js',
90 silly install resolved     version: '2.2.0',
90 silly install resolved     description: 'Filepicker client javascript library',
90 silly install resolved     main: 'index.js',
90 silly install resolved     scripts:
90 silly install resolved      { prepublish: 'npm run build',
90 silly install resolved        pretest: 'npm run prebuild && uglifyjs ./src/setup-spec.js ./src/**/*.js  ./src/finalize.js -o ./dist/filepicker-spec.js -b ',
90 silly install resolved        test: 'karma start --single-run',
90 silly install resolved        prebuild: 'rm -rf dist && mkdir dist',
90 silly install resolved        postbuild: 'uglifyjs dist/filepicker.js -o ./dist/filepicker.min.js --compress --mangle && cp filepicker_debug.js dist/',
90 silly install resolved        build: 'uglifyjs ./src/setup.js ./src/**/*.js  ./src/finalize.js -o ./dist/filepicker.js -b ',
90 silly install resolved        watch: 'onchange ./src/*.js ./src/**/*.js -- npm run build',
90 silly install resolved        'watch-test': 'onchange ./tests/unit/*.js ./tests/unit/**/*.js ./src/*.js ./src/**/*.js -- npm run test',
90 silly install resolved        linter: 'jshint ./src/*.js ./src/**/*.js',
90 silly install resolved        'watch-linter': 'onchange ./src/*.js ./src/**/*.js -- npm run linter' },
90 silly install resolved     repository:
90 silly install resolved      { type: 'git',
90 silly install resolved        url: 'https://github.com/filepicker/filepicker-js.git' },
90 silly install resolved     keywords:
90 silly install resolved      [ 'filepicker',
90 silly install resolved        'file',
90 silly install resolved        'upload',
90 silly install resolved        'file',
90 silly install resolved        'processing',
90 silly install resolved        'store',
90 silly install resolved        'widget' ],
90 silly install resolved     author: { name: 'krystiangw' },
90 silly install resolved     license: 'MIT',
90 silly install resolved     bugs: { url: 'https://github.com/filepicker/filepicker-js/issues' },
90 silly install resolved     homepage: 'https://github.com/filepicker/filepicker-js',
90 silly install resolved     devDependencies:
90 silly install resolved      { 'jasmine-core': '2.3.4',
90 silly install resolved        jshint: '^2.8.0',
90 silly install resolved        karma: '0.13.10',
90 silly install resolved        'karma-firefox-launcher': '0.1.6',
90 silly install resolved        'karma-jasmine': '0.3.6',
90 silly install resolved        'karma-jasmine-ajax': '0.1.13',
90 silly install resolved        onchange: '^2.0.0',
90 silly install resolved        'uglify-js': '^2.4.24' },
90 silly install resolved     dependencies: {},
90 silly install resolved     _id: 'filepicker-js@2.2.0',
90 silly install resolved     _shasum: '57f5ad2090cbbd1e72c1bbb1bfde004382ad0d63',
90 silly install resolved     _from: 'filepicker-js@>=2.1.3 <3.0.0',
90 silly install resolved     _npmVersion: '2.5.0',
90 silly install resolved     _nodeVersion: '0.12.0',
90 silly install resolved     _npmUser: { name: 'krystiangw', email: 'gwizdala.kr@gmail.com' },
90 silly install resolved     dist:
90 silly install resolved      { shasum: '57f5ad2090cbbd1e72c1bbb1bfde004382ad0d63',
90 silly install resolved        tarball: 'http://registry.npmjs.org/filepicker-js/-/filepicker-js-2.2.0.tgz' },
90 silly install resolved     maintainers: [ [Object] ],
90 silly install resolved     directories: {},
90 silly install resolved     _resolved: 'https://registry.npmjs.org/filepicker-js/-/filepicker-js-2.2.0.tgz' } ]
91 info install filepicker-js@2.2.0 into /Users/miguelramirezjr/GitHub/9.5-final-project
92 info installOne filepicker-js@2.2.0
93 verbose installOne of filepicker-js to /Users/miguelramirezjr/GitHub/9.5-final-project not in flight; installing
94 verbose lock using /Users/miguelramirezjr/.npm/_locks/filepicker-js-59a7e41daba31cf5.lock for /Users/miguelramirezjr/GitHub/9.5-final-project/node_modules/filepicker-js
95 silly install write writing filepicker-js 2.2.0 to /Users/miguelramirezjr/GitHub/9.5-final-project/node_modules/filepicker-js
96 verbose unbuild node_modules/filepicker-js
97 silly gentlyRm /Users/miguelramirezjr/GitHub/9.5-final-project/node_modules/filepicker-js is being purged from base /Users/miguelramirezjr/GitHub/9.5-final-project
98 verbose gentlyRm don't care about contents; nuking /Users/miguelramirezjr/GitHub/9.5-final-project/node_modules/filepicker-js
99 verbose tar unpack /Users/miguelramirezjr/.npm/filepicker-js/2.2.0/package.tgz
100 verbose tar unpacking to /Users/miguelramirezjr/GitHub/9.5-final-project/node_modules/filepicker-js
101 silly gentlyRm /Users/miguelramirezjr/GitHub/9.5-final-project/node_modules/filepicker-js is being purged
102 verbose gentlyRm don't care about contents; nuking /Users/miguelramirezjr/GitHub/9.5-final-project/node_modules/filepicker-js
103 silly gunzTarPerm modes [ '755', '644' ]
104 silly gunzTarPerm extractEntry package.json
105 silly gunzTarPerm extractEntry .npmignore
106 silly gunzTarPerm extractEntry README.md
107 silly gunzTarPerm extractEntry karma.conf.js
108 silly gunzTarPerm extractEntry index.js
109 silly gunzTarPerm extractEntry filepicker_debug.js
110 silly gunzTarPerm extractEntry .travis.yml
111 silly gunzTarPerm extractEntry dist/filepicker.js
112 silly gunzTarPerm extractEntry dist/filepicker.min.js
113 silly gunzTarPerm extractEntry dist/filepicker_debug.js
114 silly gunzTarPerm extractEntry VERSION
115 silly gunzTarPerm extractEntry CHANGELOG.md
116 silly gunzTarPerm extractEntry tests/unit/init-spec.js
117 silly gunzTarPerm extractEntry tests/unit/communication/comm-spec.js
118 silly gunzTarPerm extractEntry tests/unit/communication/cookies-spec.js
119 silly gunzTarPerm extractEntry tests/unit/communication/handlers-spec.js
120 silly gunzTarPerm extractEntry tests/unit/dialog/exporter-spec.js
121 silly gunzTarPerm extractEntry tests/unit/dialog/modal-spec.js
122 silly gunzTarPerm extractEntry tests/unit/dialog/picker-spec.js
123 silly gunzTarPerm extractEntry tests/unit/dialog/window-spec.js
124 silly gunzTarPerm extractEntry tests/unit/images/a_test.png
125 silly gunzTarPerm extractEntry tests/unit/images/b_test.png
126 silly gunzTarPerm extractEntry tests/unit/images/c_test.png
127 silly gunzTarPerm extractEntry tests/unit/library/conversions-spec.js
128 silly gunzTarPerm extractEntry tests/unit/library/errors-spec.js
129 silly gunzTarPerm extractEntry tests/unit/library/lib-spec.js
130 silly gunzTarPerm extractEntry tests/unit/library/mimetypes-spec.js
131 silly gunzTarPerm extractEntry tests/unit/library/services-spec.js
132 silly gunzTarPerm extractEntry tests/unit/library/urls-spec.js
133 silly gunzTarPerm extractEntry tests/unit/responses/ajax_responses-spec.js
134 silly gunzTarPerm extractEntry tests/unit/responses/conversion_responses-spec.js
135 silly gunzTarPerm extractEntry tests/unit/responses/files_read_responses-spec.js
136 silly gunzTarPerm extractEntry tests/unit/responses/files_write_responses-spec.js
137 silly gunzTarPerm extractEntry tests/unit/responses/modal_responses-spec.js
138 silly gunzTarPerm extractEntry tests/unit/responses/responses_init-spec.js
139 silly gunzTarPerm extractEntry tests/unit/server/ajax-spec.js
140 silly gunzTarPerm extractEntry tests/unit/server/files-spec.js
141 silly gunzTarPerm extractEntry tests/unit/server/iframeAjax-spec.js
142 silly gunzTarPerm extractEntry tests/unit/utils/base64-spec.js
143 silly gunzTarPerm extractEntry tests/unit/utils/browser-spec.js
144 silly gunzTarPerm extractEntry tests/unit/utils/conversions_util-spec.js
145 silly gunzTarPerm extractEntry tests/unit/utils/json-spec.js
146 silly gunzTarPerm extractEntry tests/unit/utils/strutil-spec.js
147 silly gunzTarPerm extractEntry tests/unit/utils/util-spec.js
148 silly gunzTarPerm extractEntry tests/unit/widgets/dragdrop-spec.js
149 silly gunzTarPerm extractEntry tests/unit/widgets/responsive_images-spec.js
150 silly gunzTarPerm extractEntry tests/unit/widgets/widgets-spec.js
151 verbose write writing to /Users/miguelramirezjr/GitHub/9.5-final-project/node_modules/filepicker-js/package.json
152 info preinstall filepicker-js@2.2.0
153 verbose readDependencies loading dependencies from /Users/miguelramirezjr/GitHub/9.5-final-project/node_modules/filepicker-js/package.json
154 verbose readDependencies loading dependencies from /Users/miguelramirezjr/GitHub/9.5-final-project/node_modules/filepicker-js/package.json
155 silly install resolved []
156 verbose about to build /Users/miguelramirezjr/GitHub/9.5-final-project/node_modules/filepicker-js
157 info build /Users/miguelramirezjr/GitHub/9.5-final-project/node_modules/filepicker-js
158 info linkStuff filepicker-js@2.2.0
159 silly linkStuff filepicker-js@2.2.0 has /Users/miguelramirezjr/GitHub/9.5-final-project/node_modules as its parent node_modules
160 verbose linkBins filepicker-js@2.2.0
161 verbose linkMans filepicker-js@2.2.0
162 verbose rebuildBundles filepicker-js@2.2.0
163 info install filepicker-js@2.2.0
164 info postinstall filepicker-js@2.2.0
165 verbose unlock done using /Users/miguelramirezjr/.npm/_locks/filepicker-js-59a7e41daba31cf5.lock for /Users/miguelramirezjr/GitHub/9.5-final-project/node_modules/filepicker-js
166 verbose validateInstall loading /Users/miguelramirezjr/GitHub/9.5-final-project/package.json for validation
167 verbose stack Error: The package react does not satisfy its siblings' peerDependencies requirements!
167 verbose stack     at /usr/local/lib/node_modules/npm/lib/install.js:125:32
167 verbose stack     at /usr/local/lib/node_modules/npm/lib/install.js:267:7
167 verbose stack     at /usr/local/lib/node_modules/npm/node_modules/read-installed/read-installed.js:142:5
167 verbose stack     at /usr/local/lib/node_modules/npm/node_modules/read-installed/read-installed.js:263:14
167 verbose stack     at cb (/usr/local/lib/node_modules/npm/node_modules/slide/lib/async-map.js:47:24)
167 verbose stack     at /usr/local/lib/node_modules/npm/node_modules/read-installed/read-installed.js:263:14
167 verbose stack     at cb (/usr/local/lib/node_modules/npm/node_modules/slide/lib/async-map.js:47:24)
167 verbose stack     at /usr/local/lib/node_modules/npm/node_modules/read-installed/read-installed.js:263:14
167 verbose stack     at cb (/usr/local/lib/node_modules/npm/node_modules/slide/lib/async-map.js:47:24)
167 verbose stack     at /usr/local/lib/node_modules/npm/node_modules/read-installed/read-installed.js:263:14
168 verbose cwd /Users/miguelramirezjr/GitHub/9.5-final-project
169 error Darwin 14.4.0
170 error argv "node" "/usr/local/bin/npm" "install" "filepicker-js" "--save"
171 error node v0.12.7
172 error npm  v2.12.1
173 error code EPEERINVALID
174 error peerinvalid The package react does not satisfy its siblings' peerDependencies requirements!
174 error peerinvalid Peer react-addons-update@0.14.1 wants react@^0.14.1
175 verbose exit [ 1, true ]
